<?xml version="1.0" encoding="UTF-8"?>
<!-- Generated by org.testng.reporters.JUnitXMLReporter -->
<testsuite hostname="ind496" ignored="0" name="Data Driven Tests" tests="1" failures="1" timestamp="22 Dec 2017 12:04:30 GMT" time="6.014" errors="0">
  <testcase name="doLogin" time="3.219" classname="com.selenium.testcases.LoginTest">
    <failure type="java.lang.AssertionError" message="null">
      <![CDATA[java.lang.AssertionError: null
	at com.selenium.testcases.LoginTest.doLogin(LoginTest.java:29)
... Removed 27 stack frames]]>
    </failure>
  </testcase> <!-- doLogin -->
</testsuite> <!-- Data Driven Tests -->
