<?xml version="1.0" encoding="UTF-8"?>
<testng-results skipped="0" failed="0" ignored="0" total="2" passed="2">
  <reporter-output>
    <line>
      <![CDATA[Login Test successfully started]]>
    </line>
    <line>
      <![CDATA[Login Test succesfully executed]]>
    </line>
    <line>
      <![CDATA[Login Test successfully started]]>
    </line>
    <line>
      <![CDATA[Login Test succesfully executed]]>
    </line>
  </reporter-output>
  <suite name="Framework Suite" duration-ms="16825" started-at="2017-12-26T10:45:27Z" finished-at="2017-12-26T10:45:44Z">
    <groups>
    </groups>
    <test name="Login Test" duration-ms="5002" started-at="2017-12-26T10:45:27Z" finished-at="2017-12-26T10:45:32Z">
      <class name="com.selenium.testcases.LoginTest">
        <test-method status="PASS" signature="loginTest(java.lang.String, java.lang.String, java.lang.String)[pri:0, instance:com.selenium.testcases.LoginTest@128d34a]" name="loginTest" duration-ms="4516" started-at="2017-12-26T16:15:27Z" data-provider="dp" finished-at="2017-12-26T16:15:32Z">
          <params>
            <param index="0">
              <value>
                <![CDATA[KenWilliamson]]>
              </value>
            </param>
            <param index="1">
              <value>
                <![CDATA[indianic]]>
              </value>
            </param>
            <param index="2">
              <value>
                <![CDATA[Y]]>
              </value>
            </param>
          </params>
          <reporter-output>
            <line>
              <![CDATA[Login Test successfully started]]>
            </line>
            <line>
              <![CDATA[Login Test succesfully executed]]>
            </line>
          </reporter-output>
        </test-method> <!-- loginTest -->
      </class> <!-- com.selenium.testcases.LoginTest -->
    </test> <!-- Login Test -->
    <test name="Profile Test" duration-ms="11764" started-at="2017-12-26T10:45:32Z" finished-at="2017-12-26T10:45:44Z">
      <class name="com.selenium.testcases.ProfileTest">
        <test-method status="PASS" signature="setUp()[pri:0, instance:com.selenium.testcases.ProfileTest@a263c2]" name="setUp" is-config="true" duration-ms="14927" started-at="2017-12-26T16:15:12Z" finished-at="2017-12-26T16:15:27Z">
          <reporter-output>
          </reporter-output>
        </test-method> <!-- setUp -->
        <test-method status="PASS" signature="profileTest()[pri:0, instance:com.selenium.testcases.ProfileTest@a263c2]" name="profileTest" duration-ms="11685" started-at="2017-12-26T16:15:32Z" finished-at="2017-12-26T16:15:44Z">
          <reporter-output>
            <line>
              <![CDATA[Login Test successfully started]]>
            </line>
            <line>
              <![CDATA[Login Test succesfully executed]]>
            </line>
          </reporter-output>
        </test-method> <!-- profileTest -->
        <test-method status="PASS" signature="tearDown()[pri:0, instance:com.selenium.testcases.ProfileTest@a263c2]" name="tearDown" is-config="true" duration-ms="658" started-at="2017-12-26T16:15:44Z" finished-at="2017-12-26T16:15:45Z">
          <reporter-output>
          </reporter-output>
        </test-method> <!-- tearDown -->
      </class> <!-- com.selenium.testcases.ProfileTest -->
    </test> <!-- Profile Test -->
  </suite> <!-- Framework Suite -->
</testng-results>
